<?xml version="1.0" encoding="UTF-8"?>
<!-- Generated by org.testng.reporters.JUnitReportReporter -->
<testsuite hostname="DESKTOP-9OI0S4H" failures="0" tests="1" name="globaltek.usa.myrunner.MyRunner" time="57.731" errors="0" timestamp="2022-10-26T20:08:09 EDT" skipped="0">
  <testcase classname="globaltek.usa.myrunner.MyRunner" name="runScenario" time="57.731"/>
  <system-out/>
</testsuite> <!-- globaltek.usa.myrunner.MyRunner -->
