<?xml version="1.0" encoding="UTF-8"?>
<!-- Generated by org.testng.reporters.JUnitReportReporter -->
<testsuite hostname="DESKTOP-9OI0S4H" failures="0" tests="1" name="globaltek.usa.myrunner.MyRunner" time="15.150" errors="0" timestamp="10 Dec 2022 03:05:43 GMT" skipped="0">
  <testcase classname="globaltek.usa.myrunner.MyRunner" name="feature" time="15.150"/>
</testsuite> <!-- globaltek.usa.myrunner.MyRunner -->
