<?xml version="1.0" encoding="UTF-8"?>
<!-- Generated by org.testng.reporters.JUnitReportReporter -->
<testsuite hostname="DESKTOP-9OI0S4H" failures="0" tests="1" name="globaltek.usa.myrunner.MyRunner" time="17.525" errors="0" timestamp="27 Nov 2022 18:41:51 GMT" skipped="0">
  <testcase classname="globaltek.usa.myrunner.MyRunner" name="feature" time="17.525"/>
</testsuite> <!-- globaltek.usa.myrunner.MyRunner -->
