<?xml version="1.0" encoding="UTF-8"?>
<!-- Generated by org.testng.reporters.JUnitReportReporter -->
<testsuite hostname="DESKTOP-9OI0S4H" failures="0" tests="1" name="globaltek.usa.myrunner.MyRunner" time="35.463" errors="0" timestamp="24 Oct 2022 02:23:18 GMT" skipped="0">
  <testcase classname="globaltek.usa.myrunner.MyRunner" name="feature" time="35.463"/>
</testsuite> <!-- globaltek.usa.myrunner.MyRunner -->
